#
# A fatal error has been detected by the Java Runtime Environment:
#
#  Internal Error (javaCalls.cpp:51), pid=2264, tid=0x0000000000000de0
#  guarantee(thread->is_Java_thread()) failed: crucial check - the VM thread cannot and must not escape to Java code
#
# JRE version: Java(TM) SE Runtime Environment (8.0_261-b12) (build 1.8.0_261-b12)
# Java VM: Java HotSpot(TM) 64-Bit Server VM (25.261-b12 mixed mode windows-amd64 compressed oops)
# Failed to write core dump. Minidumps are not enabled by default on client versions of Windows
#
# If you would like to submit a bug report, please visit:
#   http://bugreport.java.com/bugreport/crash.jsp
#

---------------  T H R E A D  ---------------

Current thread (0x000000f0b051e800):  VMThread [stack: 0x000000f0b1660000,0x000000f0b1760000] [id=3552]

Stack: [0x000000f0b1660000,0x000000f0b1760000]
Native frames: (J=compiled Java code, j=interpreted, Vv=VM code, C=native code)
V  [jvm.dll+0x33e5f9]
V  [jvm.dll+0x2850e2]
V  [jvm.dll+0x285d8d]
V  [jvm.dll+0x27c817]
V  [jvm.dll+0x21aedd]
V  [jvm.dll+0x21b527]
V  [jvm.dll+0x33e512]
V  [jvm.dll+0x21bb51]
V  [jvm.dll+0x27d995]
V  [jvm.dll+0x27dbdd]
V  [jvm.dll+0x27dd29]
V  [jvm.dll+0x11aa58]
V  [jvm.dll+0x116e76]
V  [jvm.dll+0x11622b]
V  [jvm.dll+0x1154ea]
V  [jvm.dll+0xdccbb]
V  [jvm.dll+0xdd864]
V  [jvm.dll+0x1222f4]
V  [jvm.dll+0x145520]
V  [jvm.dll+0x1c9491]
V  [jvm.dll+0x255637]
V  [jvm.dll+0x253da5]
V  [jvm.dll+0x25451c]
V  [jvm.dll+0x25482c]
V  [jvm.dll+0x2a1cfc]
C  [ucrtbase.DLL+0x203ba]
C  [KERNEL32.DLL+0x1412]
C  [ntdll.dll+0x154f4]

VM_Operation (0x000000f0b20ff840): GetOrSetLocal, mode: safepoint, requested by thread 0x000000f0b0582000


---------------  P R O C E S S  ---------------

Java Threads: ( => current thread )
  0x000000f0b2ff9000 JavaThread "Okio Watchdog" daemon [_thread_blocked, id=12264, stack(0x000000f0b5b60000,0x000000f0b5c60000)]
  0x000000f0b3aa3800 JavaThread "OkHttp ConnectionPool" daemon [_thread_blocked, id=5952, stack(0x000000f0b5960000,0x000000f0b5a60000)]
  0x000000f0b270e800 JavaThread "Exec Stream Pumper" daemon [_thread_in_native, id=9692, stack(0x000000f0b5460000,0x000000f0b5560000)]
  0x000000f0b278f000 JavaThread "Exec Stream Pumper" daemon [_thread_in_native, id=11932, stack(0x000000f0b5360000,0x000000f0b5460000)]
  0x000000f0b3b25800 JavaThread "Exec Default Executor" daemon [_thread_in_native, id=3280, stack(0x000000f0b5260000,0x000000f0b5360000)]
  0x000000f0b30e4800 JavaThread "ReaderThread" [_thread_in_native, id=11288, stack(0x000000f0b3500000,0x000000f0b3600000)]
  0x000000f0b0628800 JavaThread "Service Thread" daemon [_thread_blocked, id=4356, stack(0x000000f0b2600000,0x000000f0b2700000)]
  0x000000f0b05b8800 JavaThread "C1 CompilerThread2" daemon [_thread_blocked, id=10756, stack(0x000000f0b2500000,0x000000f0b2600000)]
  0x000000f0b05af800 JavaThread "C2 CompilerThread1" daemon [_thread_blocked, id=10448, stack(0x000000f0b2400000,0x000000f0b2500000)]
  0x000000f0b05aa000 JavaThread "C2 CompilerThread0" daemon [_thread_blocked, id=8888, stack(0x000000f0b2300000,0x000000f0b2400000)]
  0x000000f0b058a800 JavaThread "JDWP Command Reader" daemon [_thread_in_native, id=9032, stack(0x000000f0b2200000,0x000000f0b2300000)]
  0x000000f0b0589800 JavaThread "JDWP Event Helper Thread" daemon [_thread_blocked, id=12128, stack(0x000000f0b2100000,0x000000f0b2200000)]
  0x000000f0b0582000 JavaThread "JDWP Transport Listener: dt_socket" daemon [_thread_blocked, id=11292, stack(0x000000f0b2000000,0x000000f0b2100000)]
  0x000000f0b0564800 JavaThread "Attach Listener" daemon [_thread_blocked, id=9732, stack(0x000000f0b1b50000,0x000000f0b1c50000)]
  0x000000f0b0562000 JavaThread "Signal Dispatcher" daemon [_thread_blocked, id=3040, stack(0x000000f0b1a50000,0x000000f0b1b50000)]
  0x000000f0b054e800 JavaThread "Finalizer" daemon [_thread_blocked, id=8384, stack(0x000000f0b1860000,0x000000f0b1960000)]
  0x000000f0b0524000 JavaThread "Reference Handler" daemon [_thread_blocked, id=10304, stack(0x000000f0b1760000,0x000000f0b1860000)]
  0x000000f09c5cc000 JavaThread "main" [_thread_blocked, id=9296, stack(0x000000f09c680000,0x000000f09c780000)]

Other Threads:
=>0x000000f0b051e800 VMThread [stack: 0x000000f0b1660000,0x000000f0b1760000] [id=3552]
  0x000000f0b2710800 WatcherThread [stack: 0x000000f0b2b00000,0x000000f0b2c00000] [id=11500]

VM state:at safepoint (normal execution)

VM Mutex/Monitor currently owned by a thread:  ([mutex/lock_event])
[0x000000f09c5c8d40] Threads_lock - owner thread: 0x000000f0b051e800

heap address: 0x00000000c1000000, size: 1008 MB, Compressed Oops mode: 32-bit
Narrow klass base: 0x0000000000000000, Narrow klass shift: 3
Compressed class space size: 1073741824 Address: 0x0000000100000000

Heap:
 PSYoungGen      total 22016K, used 16466K [0x00000000eb000000, 0x00000000ecc00000, 0x0000000100000000)
  eden space 15360K, 98% used [0x00000000eb000000,0x00000000ebec4600,0x00000000ebf00000)
  from space 6656K, 20% used [0x00000000ec580000,0x00000000ec6d0230,0x00000000ecc00000)
  to   space 6656K, 0% used [0x00000000ebf00000,0x00000000ebf00000,0x00000000ec580000)
 ParOldGen       total 26624K, used 8277K [0x00000000c1000000, 0x00000000c2a00000, 0x00000000eb000000)
  object space 26624K, 31% used [0x00000000c1000000,0x00000000c1815540,0x00000000c2a00000)
 Metaspace       used 23662K, capacity 24499K, committed 24624K, reserved 1071104K
  class space    used 3098K, capacity 3336K, committed 3376K, reserved 1048576K

Card table byte_map: [0x000000f0ad280000,0x000000f0ad480000] byte_map_base: 0x000000f0acc78000

Marking Bits: (ParMarkBitMap*) 0x00000000549b4fb0
 Begin Bits: [0x000000f0ad9d0000, 0x000000f0ae990000)
 End Bits:   [0x000000f0ae990000, 0x000000f0af950000)

Polling page: 0x000000f09c560000

CodeCache: size=245760Kb used=3715Kb max_used=3715Kb free=242044Kb
 bounds [0x000000f09dec0000, 0x000000f09e270000, 0x000000f0acec0000]
 total_blobs=1397 nmethods=957 adapters=361
 compilation: enabled

Compilation events (10 events):
Event: 1.454 Thread 0x000000f0b05b8800  939       3       java.util.jar.JavaUtilJarAccessImpl::getTrustedAttributes (6 bytes)
Event: 1.454 Thread 0x000000f0b05b8800 nmethod 939 0x000000f09e250990 code [0x000000f09e250b00, 0x000000f09e250cb0]
Event: 1.454 Thread 0x000000f0b05b8800  940       3       java.util.jar.Manifest::getTrustedAttributes (57 bytes)
Event: 1.455 Thread 0x000000f0b05b8800 nmethod 940 0x000000f09e250d90 code [0x000000f09e250fc0, 0x000000f09e251ba0]
Event: 1.455 Thread 0x000000f0b05b8800  941       3       sun.misc.URLClassPath$JarLoader$2::getInputStream (15 bytes)
Event: 1.455 Thread 0x000000f0b05b8800 nmethod 941 0x000000f09e252110 code [0x000000f09e252280, 0x000000f09e2524d0]
Event: 1.455 Thread 0x000000f0b05b8800  942       3       sun.misc.URLClassPath$JarLoader$2::getContentLength (9 bytes)
Event: 1.455 Thread 0x000000f0b05b8800 nmethod 942 0x000000f09e2525d0 code [0x000000f09e252740, 0x000000f09e252978]
Event: 1.455 Thread 0x000000f0b05b8800  943       3       java.lang.ClassLoader::compareCerts (149 bytes)
Event: 1.456 Thread 0x000000f0b05b8800 nmethod 943 0x000000f09e252a50 code [0x000000f09e252c20, 0x000000f09e2534e0]

GC Heap History (10 events):
Event: 46.101 GC heap before
{Heap before GC invocations=7 (full 0):
 PSYoungGen      total 21504K, used 13900K [0x00000000eb000000, 0x00000000ecc00000, 0x0000000100000000)
  eden space 15872K, 52% used [0x00000000eb000000,0x00000000eb814b60,0x00000000ebf80000)
  from space 5632K, 99% used [0x00000000ec580000,0x00000000ecafe740,0x00000000ecb00000)
  to   space 6144K, 0% used [0x00000000ebf80000,0x00000000ebf80000,0x00000000ec580000)
 ParOldGen       total 44032K, used 8825K [0x00000000c1000000, 0x00000000c3b00000, 0x00000000eb000000)
  object space 44032K, 20% used [0x00000000c1000000,0x00000000c189e640,0x00000000c3b00000)
 Metaspace       used 20602K, capacity 21257K, committed 21296K, reserved 1067008K
  class space    used 2646K, capacity 2825K, committed 2864K, reserved 1048576K
Event: 46.108 GC heap after
Heap after GC invocations=7 (full 0):
 PSYoungGen      total 22016K, used 4219K [0x00000000eb000000, 0x00000000ecb80000, 0x0000000100000000)
  eden space 15872K, 0% used [0x00000000eb000000,0x00000000eb000000,0x00000000ebf80000)
  from space 6144K, 68% used [0x00000000ebf80000,0x00000000ec39ef50,0x00000000ec580000)
  to   space 6144K, 0% used [0x00000000ec580000,0x00000000ec580000,0x00000000ecb80000)
 ParOldGen       total 44032K, used 10046K [0x00000000c1000000, 0x00000000c3b00000, 0x00000000eb000000)
  object space 44032K, 22% used [0x00000000c1000000,0x00000000c19cfbe0,0x00000000c3b00000)
 Metaspace       used 20602K, capacity 21257K, committed 21296K, reserved 1067008K
  class space    used 2646K, capacity 2825K, committed 2864K, reserved 1048576K
}
Event: 46.108 GC heap before
{Heap before GC invocations=8 (full 1):
 PSYoungGen      total 22016K, used 4219K [0x00000000eb000000, 0x00000000ecb80000, 0x0000000100000000)
  eden space 15872K, 0% used [0x00000000eb000000,0x00000000eb000000,0x00000000ebf80000)
  from space 6144K, 68% used [0x00000000ebf80000,0x00000000ec39ef50,0x00000000ec580000)
  to   space 6144K, 0% used [0x00000000ec580000,0x00000000ec580000,0x00000000ecb80000)
 ParOldGen       total 44032K, used 10046K [0x00000000c1000000, 0x00000000c3b00000, 0x00000000eb000000)
  object space 44032K, 22% used [0x00000000c1000000,0x00000000c19cfbe0,0x00000000c3b00000)
 Metaspace       used 20602K, capacity 21257K, committed 21296K, reserved 1067008K
  class space    used 2646K, capacity 2825K, committed 2864K, reserved 1048576K
Event: 46.154 GC heap after
Heap after GC invocations=8 (full 1):
 PSYoungGen      total 22016K, used 0K [0x00000000eb000000, 0x00000000ecb80000, 0x0000000100000000)
  eden space 15872K, 0% used [0x00000000eb000000,0x00000000eb000000,0x00000000ebf80000)
  from space 6144K, 0% used [0x00000000ebf80000,0x00000000ebf80000,0x00000000ec580000)
  to   space 6144K, 0% used [0x00000000ec580000,0x00000000ec580000,0x00000000ecb80000)
 ParOldGen       total 26624K, used 7746K [0x00000000c1000000, 0x00000000c2a00000, 0x00000000eb000000)
  object space 26624K, 29% used [0x00000000c1000000,0x00000000c1790bf8,0x00000000c2a00000)
 Metaspace       used 20602K, capacity 21257K, committed 21296K, reserved 1067008K
  class space    used 2646K, capacity 2825K, committed 2864K, reserved 1048576K
}
Event: 94.789 GC heap before
{Heap before GC invocations=9 (full 1):
 PSYoungGen      total 22016K, used 15872K [0x00000000eb000000, 0x00000000ecb80000, 0x0000000100000000)
  eden space 15872K, 100% used [0x00000000eb000000,0x00000000ebf80000,0x00000000ebf80000)
  from space 6144K, 0% used [0x00000000ebf80000,0x00000000ebf80000,0x00000000ec580000)
  to   space 6144K, 0% used [0x00000000ec580000,0x00000000ec580000,0x00000000ecb80000)
 ParOldGen       total 26624K, used 7746K [0x00000000c1000000, 0x00000000c2a00000, 0x00000000eb000000)
  object space 26624K, 29% used [0x00000000c1000000,0x00000000c1790bf8,0x00000000c2a00000)
 Metaspace       used 22582K, capacity 23451K, committed 23728K, reserved 1069056K
  class space    used 2952K, capacity 3164K, committed 3248K, reserved 1048576K
Event: 94.792 GC heap after
Heap after GC invocations=9 (full 1):
 PSYoungGen      total 21504K, used 1996K [0x00000000eb000000, 0x00000000ecc80000, 0x0000000100000000)
  eden space 15360K, 0% used [0x00000000eb000000,0x00000000eb000000,0x00000000ebf00000)
  from space 6144K, 32% used [0x00000000ec580000,0x00000000ec773120,0x00000000ecb80000)
  to   space 6656K, 0% used [0x00000000ebf00000,0x00000000ebf00000,0x00000000ec580000)
 ParOldGen       total 26624K, used 7746K [0x00000000c1000000, 0x00000000c2a00000, 0x00000000eb000000)
  object space 26624K, 29% used [0x00000000c1000000,0x00000000c1790bf8,0x00000000c2a00000)
 Metaspace       used 22582K, capacity 23451K, committed 23728K, reserved 1069056K
  class space    used 2952K, capacity 3164K, committed 3248K, reserved 1048576K
}
Event: 97.378 GC heap before
{Heap before GC invocations=10 (full 1):
 PSYoungGen      total 21504K, used 17356K [0x00000000eb000000, 0x00000000ecc80000, 0x0000000100000000)
  eden space 15360K, 100% used [0x00000000eb000000,0x00000000ebf00000,0x00000000ebf00000)
  from space 6144K, 32% used [0x00000000ec580000,0x00000000ec773120,0x00000000ecb80000)
  to   space 6656K, 0% used [0x00000000ebf00000,0x00000000ebf00000,0x00000000ec580000)
 ParOldGen       total 26624K, used 7746K [0x00000000c1000000, 0x00000000c2a00000, 0x00000000eb000000)
  object space 26624K, 29% used [0x00000000c1000000,0x00000000c1790bf8,0x00000000c2a00000)
 Metaspace       used 23409K, capacity 24207K, committed 24368K, reserved 1071104K
  class space    used 3066K, capacity 3264K, committed 3376K, reserved 1048576K
Event: 97.380 GC heap after
Heap after GC invocations=10 (full 1):
 PSYoungGen      total 22016K, used 1586K [0x00000000eb000000, 0x00000000ecc00000, 0x0000000100000000)
  eden space 15360K, 0% used [0x00000000eb000000,0x00000000eb000000,0x00000000ebf00000)
  from space 6656K, 23% used [0x00000000ebf00000,0x00000000ec08cad8,0x00000000ec580000)
  to   space 6656K, 0% used [0x00000000ec580000,0x00000000ec580000,0x00000000ecc00000)
 ParOldGen       total 26624K, used 7746K [0x00000000c1000000, 0x00000000c2a00000, 0x00000000eb000000)
  object space 26624K, 29% used [0x00000000c1000000,0x00000000c1790bf8,0x00000000c2a00000)
 Metaspace       used 23409K, capacity 24207K, committed 24368K, reserved 1071104K
  class space    used 3066K, capacity 3264K, committed 3376K, reserved 1048576K
}
Event: 111.268 GC heap before
{Heap before GC invocations=11 (full 1):
 PSYoungGen      total 22016K, used 16946K [0x00000000eb000000, 0x00000000ecc00000, 0x0000000100000000)
  eden space 15360K, 100% used [0x00000000eb000000,0x00000000ebf00000,0x00000000ebf00000)
  from space 6656K, 23% used [0x00000000ebf00000,0x00000000ec08cad8,0x00000000ec580000)
  to   space 6656K, 0% used [0x00000000ec580000,0x00000000ec580000,0x00000000ecc00000)
 ParOldGen       total 26624K, used 7746K [0x00000000c1000000, 0x00000000c2a00000, 0x00000000eb000000)
  object space 26624K, 29% used [0x00000000c1000000,0x00000000c1790bf8,0x00000000c2a00000)
 Metaspace       used 23510K, capacity 24325K, committed 24624K, reserved 1071104K
  class space    used 3080K, capacity 3301K, committed 3376K, reserved 1048576K
Event: 111.272 GC heap after
Heap after GC invocations=11 (full 1):
 PSYoungGen      total 22016K, used 1344K [0x00000000eb000000, 0x00000000ecc00000, 0x0000000100000000)
  eden space 15360K, 0% used [0x00000000eb000000,0x00000000eb000000,0x00000000ebf00000)
  from space 6656K, 20% used [0x00000000ec580000,0x00000000ec6d0230,0x00000000ecc00000)
  to   space 6656K, 0% used [0x00000000ebf00000,0x00000000ebf00000,0x00000000ec580000)
 ParOldGen       total 26624K, used 8277K [0x00000000c1000000, 0x00000000c2a00000, 0x00000000eb000000)
  object space 26624K, 31% used [0x00000000c1000000,0x00000000c1815540,0x00000000c2a00000)
 Metaspace       used 23510K, capacity 24325K, committed 24624K, reserved 1071104K
  class space    used 3080K, capacity 3301K, committed 3376K, reserved 1048576K
}

Deoptimization events (7 events):
Event: 0.470 Thread 0x000000f09c5cc000 Uncommon trap: reason=unstable_if action=reinterpret pc=0x000000f09dfc155c method=java.lang.String.hashCode()I @ 14
Event: 0.569 Thread 0x000000f09c5cc000 Uncommon trap: reason=unstable_if action=reinterpret pc=0x000000f09e019394 method=java.lang.String.indexOf([CII[CIII)I @ 134
Event: 0.641 Thread 0x000000f09c5cc000 Uncommon trap: reason=unstable_if action=reinterpret pc=0x000000f09dffefec method=java.lang.String.startsWith(Ljava/lang/String;I)Z @ 25
Event: 0.877 Thread 0x000000f09c5cc000 Uncommon trap: reason=null_check action=make_not_entrant pc=0x000000f09e06f630 method=java.lang.String.equals(Ljava/lang/Object;)Z @ 8
Event: 0.898 Thread 0x000000f09c5cc000 Uncommon trap: reason=unstable_if action=reinterpret pc=0x000000f09e0c7444 method=java.lang.String.indexOf([CII[CIII)I @ 3
Event: 1.334 Thread 0x000000f09c5cc000 Uncommon trap: reason=range_check action=make_not_entrant pc=0x000000f09e199d8c method=sun.reflect.generics.parser.SignatureParser.current()C @ 34
Event: 1.430 Thread 0x000000f09c5cc000 Uncommon trap: reason=unstable_if action=reinterpret pc=0x000000f09e1ed4b4 method=java.util.HashMap.putVal(ILjava/lang/Object;Ljava/lang/Object;ZZ)Ljava/lang/Object; @ 236

Classes redefined (1 events):
Event: 162.103 Thread 0x000000f0b051e800 redefined class name=com.mba.commons.dataMapping.ActionMapping, count=1

Internal exceptions (10 events):
Event: 95.954 Thread 0x000000f09c5cc000 Exception <a 'java/lang/ClassNotFoundException': java/lang/EnumCustomizer> (0x00000000eb8ecb68) thrown at [C:\jenkins\workspace\8-2-build-windows-amd64-cygwin\jdk8u261\295\hotspot\src\share\vm\classfile\systemDictionary.cpp, line 210]
Event: 95.955 Thread 0x000000f09c5cc000 Exception <a 'java/lang/ArrayIndexOutOfBoundsException': 92> (0x00000000eb8eed10) thrown at [C:\jenkins\workspace\8-2-build-windows-amd64-cygwin\jdk8u261\295\hotspot\src\share\vm\interpreter\interpreterRuntime.cpp, line 368]
Event: 95.955 Thread 0x000000f09c5cc000 Exception <a 'java/lang/ArrayIndexOutOfBoundsException': 6> (0x00000000eb8f1540) thrown at [C:\jenkins\workspace\8-2-build-windows-amd64-cygwin\jdk8u261\295\hotspot\src\share\vm\interpreter\interpreterRuntime.cpp, line 368]
Event: 95.956 Thread 0x000000f09c5cc000 Exception <a 'java/lang/ArrayIndexOutOfBoundsException': 40> (0x00000000eb8f2568) thrown at [C:\jenkins\workspace\8-2-build-windows-amd64-cygwin\jdk8u261\295\hotspot\src\share\vm\interpreter\interpreterRuntime.cpp, line 368]
Event: 95.957 Thread 0x000000f09c5cc000 Exception <a 'java/lang/ArrayIndexOutOfBoundsException': 70> (0x00000000eb8f41a8) thrown at [C:\jenkins\workspace\8-2-build-windows-amd64-cygwin\jdk8u261\295\hotspot\src\share\vm\interpreter\interpreterRuntime.cpp, line 368]
Event: 95.958 Thread 0x000000f09c5cc000 Exception <a 'java/lang/ArrayIndexOutOfBoundsException': 24> (0x00000000eb8f55d8) thrown at [C:\jenkins\workspace\8-2-build-windows-amd64-cygwin\jdk8u261\295\hotspot\src\share\vm\interpreter\interpreterRuntime.cpp, line 368]
Event: 95.962 Thread 0x000000f09c5cc000 Exception <a 'java/lang/ClassNotFoundException': com/relevantcodes/extentreports/LogStatusCustomizer> (0x00000000eb910590) thrown at [C:\jenkins\workspace\8-2-build-windows-amd64-cygwin\jdk8u261\295\hotspot\src\share\vm\classfile\systemDictionary.cpp, lin
Event: 95.963 Thread 0x000000f09c5cc000 Exception <a 'java/lang/ArrayIndexOutOfBoundsException': 83> (0x00000000eb9125d0) thrown at [C:\jenkins\workspace\8-2-build-windows-amd64-cygwin\jdk8u261\295\hotspot\src\share\vm\interpreter\interpreterRuntime.cpp, line 368]
Event: 95.979 Thread 0x000000f09c5cc000 Exception <a 'java/lang/ArrayIndexOutOfBoundsException': 24> (0x00000000eb946170) thrown at [C:\jenkins\workspace\8-2-build-windows-amd64-cygwin\jdk8u261\295\hotspot\src\share\vm\interpreter\interpreterRuntime.cpp, line 368]
Event: 95.979 Thread 0x000000f09c5cc000 Exception <a 'java/lang/ArrayIndexOutOfBoundsException': 22> (0x00000000eb947a28) thrown at [C:\jenkins\workspace\8-2-build-windows-amd64-cygwin\jdk8u261\295\hotspot\src\share\vm\interpreter\interpreterRuntime.cpp, line 368]

Events (10 events):
Event: 162.218 Executing VM operation: GetCurrentContendedMonitor done
Event: 162.285 Executing VM operation: GetOwnedMonitorInfo
Event: 162.285 Executing VM operation: GetOwnedMonitorInfo done
Event: 162.286 Executing VM operation: GetCurrentContendedMonitor
Event: 162.286 Executing VM operation: GetCurrentContendedMonitor done
Event: 162.287 Executing VM operation: GetCurrentContendedMonitor
Event: 162.287 Executing VM operation: GetCurrentContendedMonitor done
Event: 162.288 Executing VM operation: GetOwnedMonitorInfo
Event: 162.288 Executing VM operation: GetOwnedMonitorInfo done
Event: 162.302 Executing VM operation: GetOrSetLocal


Dynamic libraries:
0x00007ff7e76e0000 - 0x00007ff7e7727000 	C:\Program Files\Java\jre1.8.0_261\bin\javaw.exe
0x00007fffb3600000 - 0x00007fffb37ad000 	C:\WINDOWS\SYSTEM32\ntdll.dll
0x00007fffb17b0000 - 0x00007fffb18ef000 	C:\WINDOWS\system32\KERNEL32.DLL
0x00007fffb0b10000 - 0x00007fffb0c25000 	C:\WINDOWS\system32\KERNELBASE.dll
0x00007fffaf2d0000 - 0x00007fffaf35e000 	C:\WINDOWS\system32\apphelp.dll
0x00007fffa09d0000 - 0x00007fffa0a25000 	C:\WINDOWS\AppPatch\AppPatch64\AcGenral.DLL
0x00007fffb0d50000 - 0x00007fffb0dfa000 	C:\WINDOWS\system32\msvcrt.dll
0x00007fffb0800000 - 0x00007fffb082e000 	C:\WINDOWS\system32\SspiCli.dll
0x00007fffb35a0000 - 0x00007fffb35f4000 	C:\WINDOWS\system32\SHLWAPI.dll
0x00007fffb1630000 - 0x00007fffb17a7000 	C:\WINDOWS\system32\USER32.dll
0x00007fffb3120000 - 0x00007fffb32b4000 	C:\WINDOWS\system32\ole32.dll
0x00007fffb19e0000 - 0x00007fffb2f0d000 	C:\WINDOWS\system32\SHELL32.dll
0x00007fffafcf0000 - 0x00007fffafd11000 	C:\WINDOWS\SYSTEM32\USERENV.dll
0x00007fffb0ca0000 - 0x00007fffb0d4a000 	C:\WINDOWS\system32\ADVAPI32.dll
0x00007fffa8880000 - 0x00007fffa889e000 	C:\WINDOWS\SYSTEM32\MPR.dll
0x00007fffb0e00000 - 0x00007fffb0f40000 	C:\WINDOWS\system32\RPCRT4.dll
0x00007fffb3540000 - 0x00007fffb3598000 	C:\WINDOWS\SYSTEM32\sechost.dll
0x00007fffb1010000 - 0x00007fffb1220000 	C:\WINDOWS\SYSTEM32\combase.dll
0x00007fffb2f10000 - 0x00007fffb305d000 	C:\WINDOWS\system32\GDI32.dll
0x00007fffb0730000 - 0x00007fffb0745000 	C:\WINDOWS\SYSTEM32\profapi.dll
0x00007fffaef30000 - 0x00007fffaefe2000 	C:\WINDOWS\SYSTEM32\SHCORE.dll
0x00007fffb3070000 - 0x00007fffb30a6000 	C:\WINDOWS\system32\IMM32.DLL
0x00007fffb1460000 - 0x00007fffb15b1000 	C:\WINDOWS\system32\MSCTF.dll
0x00007fffae660000 - 0x00007fffae8db000 	C:\WINDOWS\WinSxS\amd64_microsoft.windows.common-controls_6595b64144ccf1df_6.0.9600.19394_none_62486577ecb635cf\COMCTL32.dll
0x00007fffadde0000 - 0x00007fffaddf5000 	C:\Program Files\Java\jre1.8.0_261\bin\vcruntime140.dll
0x00007fffaf0e0000 - 0x00007fffaf0e4000 	C:\Program Files\Java\jre1.8.0_261\bin\api-ms-win-crt-runtime-l1-1-0.dll
0x00007fffac2d0000 - 0x00007fffac2d3000 	C:\Program Files\Java\jre1.8.0_261\bin\api-ms-win-crt-heap-l1-1-0.dll
0x00007fffac140000 - 0x00007fffac144000 	C:\Program Files\Java\jre1.8.0_261\bin\api-ms-win-crt-string-l1-1-0.dll
0x00007fffac130000 - 0x00007fffac134000 	C:\Program Files\Java\jre1.8.0_261\bin\api-ms-win-crt-stdio-l1-1-0.dll
0x00007fffac120000 - 0x00007fffac124000 	C:\Program Files\Java\jre1.8.0_261\bin\api-ms-win-crt-convert-l1-1-0.dll
0x00007fffa0a70000 - 0x00007fffa0b6c000 	C:\Program Files\Java\jre1.8.0_261\bin\ucrtbase.DLL
0x00007fffa4820000 - 0x00007fffa48bb000 	C:\Program Files\Java\jre1.8.0_261\bin\msvcp140.dll
0x00007fffac110000 - 0x00007fffac113000 	C:\Program Files\Java\jre1.8.0_261\bin\api-ms-win-crt-locale-l1-1-0.dll
0x00007fffac100000 - 0x00007fffac105000 	C:\Program Files\Java\jre1.8.0_261\bin\api-ms-win-crt-math-l1-1-0.dll
0x00007fffac0f0000 - 0x00007fffac0f3000 	C:\Program Files\Java\jre1.8.0_261\bin\api-ms-win-crt-filesystem-l1-1-0.dll
0x00007fffac0e0000 - 0x00007fffac0e3000 	C:\Program Files\Java\jre1.8.0_261\bin\api-ms-win-crt-time-l1-1-0.dll
0x00007fffac0d0000 - 0x00007fffac0d3000 	C:\Program Files\Java\jre1.8.0_261\bin\api-ms-win-crt-environment-l1-1-0.dll
0x00007fffac0c0000 - 0x00007fffac0c3000 	C:\Program Files\Java\jre1.8.0_261\bin\api-ms-win-crt-utility-l1-1-0.dll
0x00000000541c0000 - 0x0000000054a2c000 	C:\Program Files\Java\jre1.8.0_261\bin\server\jvm.dll
0x00007fffaeff0000 - 0x00007fffaeff9000 	C:\WINDOWS\SYSTEM32\WSOCK32.dll
0x00007fffade60000 - 0x00007fffade82000 	C:\WINDOWS\SYSTEM32\WINMM.dll
0x00007fffade90000 - 0x00007fffade9a000 	C:\WINDOWS\SYSTEM32\VERSION.dll
0x00007fffb19d0000 - 0x00007fffb19d7000 	C:\WINDOWS\system32\PSAPI.DLL
0x00007fffb1220000 - 0x00007fffb127a000 	C:\WINDOWS\system32\WS2_32.dll
0x00007fffade20000 - 0x00007fffade4a000 	C:\WINDOWS\SYSTEM32\WINMMBASE.dll
0x00007fffb3110000 - 0x00007fffb3119000 	C:\WINDOWS\system32\NSI.dll
0x00007fffb08e0000 - 0x00007fffb092f000 	C:\WINDOWS\SYSTEM32\cfgmgr32.dll
0x00007fffaf420000 - 0x00007fffaf448000 	C:\WINDOWS\SYSTEM32\DEVOBJ.dll
0x00007fffaecb0000 - 0x00007fffaecc0000 	C:\Program Files\Java\jre1.8.0_261\bin\verify.dll
0x00007fffabfa0000 - 0x00007fffabfcb000 	C:\Program Files\Java\jre1.8.0_261\bin\java.dll
0x00007fffa47e0000 - 0x00007fffa4816000 	C:\Program Files\Java\jre1.8.0_261\bin\jdwp.dll
0x00007fffac0b0000 - 0x00007fffac0b9000 	C:\Program Files\Java\jre1.8.0_261\bin\npt.dll
0x00007fffac350000 - 0x00007fffac368000 	C:\Program Files\Java\jre1.8.0_261\bin\zip.dll
0x00007fffac0a0000 - 0x00007fffac0aa000 	C:\Program Files\Java\jre1.8.0_261\bin\dt_socket.dll
0x00007fffa8820000 - 0x00007fffa8835000 	C:\WINDOWS\system32\napinsp.dll
0x00007fffa8800000 - 0x00007fffa881a000 	C:\WINDOWS\system32\pnrpnsp.dll
0x00007fffaa4b0000 - 0x00007fffaa4cb000 	C:\WINDOWS\system32\NLAapi.dll
0x00007fffaff60000 - 0x00007fffaffb9000 	C:\WINDOWS\System32\mswsock.dll
0x00007fffafd60000 - 0x00007fffafe04000 	C:\WINDOWS\SYSTEM32\DNSAPI.dll
0x00007fffa87f0000 - 0x00007fffa87fd000 	C:\WINDOWS\System32\winrnr.dll
0x00007fffa87d0000 - 0x00007fffa87e4000 	C:\WINDOWS\system32\wshbth.dll
0x00000000556d0000 - 0x00000000556f6000 	C:\Program Files\Bonjour\mdnsNSP.dll
0x00007fffab800000 - 0x00007fffab82a000 	C:\WINDOWS\SYSTEM32\Iphlpapi.DLL
0x00007fffab340000 - 0x00007fffab34a000 	C:\WINDOWS\SYSTEM32\WINNSI.DLL
0x00007fffa9540000 - 0x00007fffa95ab000 	C:\WINDOWS\System32\fwpuclnt.dll
0x00007fffa57e0000 - 0x00007fffa57ea000 	C:\Windows\System32\rasadhlp.dll
0x00007fffabf10000 - 0x00007fffabf2c000 	C:\Program Files\Java\jre1.8.0_261\bin\net.dll
0x00007fffaffc0000 - 0x00007fffaffe0000 	C:\WINDOWS\SYSTEM32\CRYPTSP.dll
0x00007fffafbe0000 - 0x00007fffafc16000 	C:\WINDOWS\system32\rsaenh.dll
0x00007fffb0260000 - 0x00007fffb0286000 	C:\WINDOWS\SYSTEM32\bcrypt.dll
0x00007fffb0530000 - 0x00007fffb0593000 	C:\WINDOWS\system32\bcryptprimitives.dll
0x00007fffb05a0000 - 0x00007fffb05ab000 	C:\WINDOWS\SYSTEM32\CRYPTBASE.dll
0x00007fffa9520000 - 0x00007fffa9536000 	C:\WINDOWS\SYSTEM32\dhcpcsvc6.DLL
0x00007fffa9800000 - 0x00007fffa981a000 	C:\WINDOWS\SYSTEM32\dhcpcsvc.DLL
0x00007fffabad0000 - 0x00007fffabae3000 	C:\Program Files\Java\jre1.8.0_261\bin\nio.dll
0x00007fffaaa90000 - 0x00007fffaaab4000 	C:\Program Files\Java\jre1.8.0_261\bin\sunec.dll
0x00007fffac050000 - 0x00007fffac05d000 	C:\Program Files\Java\jre1.8.0_261\bin\sunmscapi.dll
0x00007fffb0930000 - 0x00007fffb0b0f000 	C:\WINDOWS\system32\CRYPT32.dll
0x00007fffb0200000 - 0x00007fffb0225000 	C:\WINDOWS\SYSTEM32\ncrypt.dll
0x00007fffb07e0000 - 0x00007fffb07f1000 	C:\WINDOWS\system32\MSASN1.dll
0x00007fffb01a0000 - 0x00007fffb01d7000 	C:\WINDOWS\SYSTEM32\NTASN1.dll
0x00007fff9ede0000 - 0x00007fff9ef69000 	C:\WINDOWS\SYSTEM32\dbghelp.dll

VM Arguments:
jvm_args: -agentlib:jdwp=transport=dt_socket,suspend=y,address=localhost:56665 -ea -Dfile.encoding=Cp1252 
java_command: org.testng.remote.RemoteTestNG -serport 56664 -protocol json -d F:\CodeBackup\SDET_MBA_3in1_FRAMEWORK\SDET_MBA_3in1_FRAMEWORK\SDET_MBA_3in1_FRAMEWORK\test-output C:\Users\suresh\AppData\Local\Temp\testng-eclipse--922643692\testng-customsuite.xml
java_class_path (initial): C:\Users\suresh\eclipse\jee-2020-063\eclipse\configuration\org.eclipse.osgi\1069\0\.cp\lib\testng-remote.jar;F:\CodeBackup\SDET_MBA_3in1_FRAMEWORK\SDET_MBA_3in1_FRAMEWORK\SDET_MBA_3in1_FRAMEWORK\target\test-classes;F:\CodeBackup\SDET_MBA_3in1_FRAMEWORK\SDET_MBA_3in1_FRAMEWORK\SDET_MBA_3in1_FRAMEWORK\target\classes;C:\Users\suresh\.p2\pool\plugins\org.testng_7.2.0.r202003151902.jar;C:\Users\suresh\.p2\pool\plugins\com.beust.jcommander_1.72.0.jar;C:\Users\suresh\.p2\pool\plugins\org.apache-extras.beanshell.bsh_2.0.0.b6.jar;C:\Users\suresh\.p2\pool\plugins\org.yaml.snakeyaml_1.21.0.jar;C:\Users\suresh\.m2\repository\org\seleniumhq\selenium\selenium-java\3.14.0\selenium-java-3.14.0.jar;C:\Users\suresh\.m2\repository\org\seleniumhq\selenium\selenium-api\3.14.0\selenium-api-3.14.0.jar;C:\Users\suresh\.m2\repository\org\seleniumhq\selenium\selenium-chrome-driver\3.14.0\selenium-chrome-driver-3.14.0.jar;C:\Users\suresh\.m2\repository\org\seleniumhq\selenium\selenium-edge-driver\3.14.0\selenium-edge-driver-3.14.0.jar;C:\Users\suresh\.m2\repository\org\seleniumhq\selenium\selenium-firefox-driver\3.14.0\selenium-firefox-driver-3.14.0.jar;C:\Users\suresh\.m2\repository\org\seleniumhq\selenium\selenium-ie-driver\3.14.0\selenium-ie-driver-3.14.0.jar;C:\Users\suresh\.m2\repository\org\seleniumhq\selenium\selenium-opera-driver\3.14.0\selenium-opera-driver-3.14.0.jar;C:\Users\suresh\.m2\repository\org\seleniumhq\selenium\selenium-remote-driver\3.14.0\selenium-remote-driver-3.14.0.jar;C:\Users\suresh\.m2\repository\org\seleniumhq\selenium\selenium-safari-driver\3.14.0\selenium-safari-driver-3.14.0.jar;C:\Users\suresh\.m2\repository\org\seleniumhq\selenium\selenium-support\3.14.0\selenium-support-3.14.0.jar;C:\Users\suresh\.m2\repository\net\bytebuddy\byte-buddy\1.8.15\byte-buddy-1.8.15.jar;C:\Users\suresh\.m2\repository\org\apache\commons\commons-exec\1.3\commons-exec-1.3.jar;C:\Users\suresh\.m2\repository\commons-codec\commons-codec\1.10\commons-codec-1.
Launcher Type: SUN_STANDARD

Environment Variables:
JAVA_HOME=C:\Program Files\Java\jdk1.8.0_261
PATH=C:/Program Files/Java/jre1.8.0_261/bin/server;C:/Program Files/Java/jre1.8.0_261/bin;C:/Program Files/Java/jre1.8.0_261/lib/amd64;C:\Program Files (x86)\Common Files\Oracle\Java\javapath;C:\Program Files\Broadcom\Broadcom 802.11;C:\Program Files (x86)\NVIDIA Corporation\PhysX\Common;C:\Program Files (x86)\Intel\iCLS Client\;C:\Program Files\Intel\iCLS Client\;C:\WINDOWS\system32;C:\WINDOWS;C:\WINDOWS\System32\Wbem;C:\WINDOWS\System32\WindowsPowerShell\v1.0\;C:\Program Files\Hewlett-Packard\SimplePass\;C:\Program Files\Intel\Intel(R) Management Engine Components\DAL;C:\Program Files\Intel\Intel(R) Management Engine Components\IPT;C:\Program Files (x86)\Intel\Intel(R) Management Engine Components\DAL;C:\Program Files (x86)\Intel\Intel(R) Management Engine Components\IPT;C:\Program Files\Java\jdk1.8.0_261\bin;C:\Program Files\apache-maven-3.6.3\bin;;C:\WINDOWS\system32;
USERNAME=suresh
OS=Windows_NT
PROCESSOR_IDENTIFIER=Intel64 Family 6 Model 69 Stepping 1, GenuineIntel



---------------  S Y S T E M  ---------------

OS: Windows 8.1 , 64 bit Build 9600 (6.3.9600.19719)

CPU:total 4 (initial active 4) (2 cores per cpu, 2 threads per core) family 6 model 69 stepping 1, cmov, cx8, fxsr, mmx, sse, sse2, sse3, ssse3, sse4.1, sse4.2, popcnt, avx, avx2, aes, clmul, erms, lzcnt, ht, tsc, tscinvbit, bmi1, bmi2

Memory: 4k page, physical 4122776k(782724k free), swap 9761108k(4769376k free)

vm_info: Java HotSpot(TM) 64-Bit Server VM (25.261-b12) for windows-amd64 JRE (1.8.0_261-b12), built on Jun 18 2020 06:56:32 by "" with unknown MS VC++:1916

time: Fri Jul 31 13:00:40 2020
timezone: India Standard Time
elapsed time: 162 seconds (0d 0h 2m 42s)

